DEBUG:root:* About to connect() to rhvm.example.com port 443 (#0)
DEBUG:root:* Trying 192.168.8.21...
DEBUG:root:* Connected to rhvm.example.com (192.168.8.21) port 443 (#0)
DEBUG:root:* Initializing NSS with certpath: sql:/etc/pki/nssdb
DEBUG:root:* CAfile: prod-ca.pem
DEBUG:root:*   CApath: none
DEBUG:root:* SSL connection using TLS_ECDHE_RSA_WITH_AES_256_GCM_SHA384
DEBUG:root:* Server certificate:
DEBUG:root:* subject: CN=rhvm.example.com,O=rhvm.example.com,C=US
DEBUG:root:* start date: Nov 12 00:07:37 2018 GMT
DEBUG:root:* expire date: Oct 18 00:07:37 2023 GMT
DEBUG:root:* common name: rhvm.example.com
DEBUG:root:* issuer: CN=rhvm.example.com.76929,O=rhvm.example.com,C=US
DEBUG:root:< POST /ovirt-engine/sso/oauth/token HTTP/1.1
DEBUG:root:< Host: rhvm.example.com
DEBUG:root:< User-Agent: PythonSDK/4.2.9
DEBUG:root:< Accept: application/json
DEBUG:root:< Content-Length: 85
DEBUG:root:< Content-Type: application/x-www-form-urlencoded
DEBUG:root:< username=admin%40internal&scope=ovirt-app-api&password=r3dh4t1%21&grant_type=password
DEBUG:root:* upload completely sent off: 85 out of 85 bytes
DEBUG:root:> HTTP/1.1 200 OK
DEBUG:root:> Date: Sat, 17 Nov 2018 20:26:09 GMT
DEBUG:root:> Server: Apache/2.4.6 (Red Hat Enterprise Linux) OpenSSL/1.0.2k-fips
DEBUG:root:> Set-Cookie: locale=en_US; path=/; secure; HttpOnly; Max-Age=2147483647; Expires=Thu, 05-Dec-2086 23:40:16 GMT
DEBUG:root:> X-XSS-PROTECTION: 1; MODE=BLOCK
DEBUG:root:> X-CONTENT-TYPE-OPTIONS: NOSNIFF
DEBUG:root:> X-FRAME-OPTIONS: SAMEORIGIN
DEBUG:root:> Content-Type: application/json
DEBUG:root:> Content-Length: 310
DEBUG:root:> Vary: Accept-Encoding
DEBUG:root:> 
DEBUG:root:> {"access_token":"XdRbq0dpCQhb7jD2nyxDatrKHuJKCKwq1cg3iYPiwxDCjSjXtaSOHjwzbwqLbtCWINITSfUdeCCdpwMbZZWtmw","scope":"ovirt-app-api ovirt-ext=token-info:authz-search ovirt-ext=token-info:public-authz-search ovirt-ext=token-info:validate ovirt-ext=token:password-access","exp":"1543091169000","token_type":"bearer"}
DEBUG:root:* Connection #0 to host rhvm.example.com left intact
DEBUG:root:* About to connect() to rhvm.example.com port 443 (#1)
DEBUG:root:* Trying 192.168.8.21...
DEBUG:root:* Connected to rhvm.example.com (192.168.8.21) port 443 (#1)
DEBUG:root:* CAfile: prod-ca.pem
DEBUG:root:*   CApath: none
DEBUG:root:* SSL connection using TLS_ECDHE_RSA_WITH_AES_256_GCM_SHA384
DEBUG:root:* Server certificate:
DEBUG:root:* subject: CN=rhvm.example.com,O=rhvm.example.com,C=US
DEBUG:root:* start date: Nov 12 00:07:37 2018 GMT
DEBUG:root:* expire date: Oct 18 00:07:37 2023 GMT
DEBUG:root:* common name: rhvm.example.com
DEBUG:root:* issuer: CN=rhvm.example.com.76929,O=rhvm.example.com,C=US
DEBUG:root:< GET /ovirt-engine/api/hosts?search=status%3Dup HTTP/1.1
DEBUG:root:< Host: rhvm.example.com
DEBUG:root:< User-Agent: PythonSDK/4.2.9
DEBUG:root:< Version: 4
DEBUG:root:< Content-Type: application/xml
DEBUG:root:< Accept: application/xml
DEBUG:root:< Authorization: Bearer XdRbq0dpCQhb7jD2nyxDatrKHuJKCKwq1cg3iYPiwxDCjSjXtaSOHjwzbwqLbtCWINITSfUdeCCdpwMbZZWtmw
DEBUG:root:> HTTP/1.1 200 OK
DEBUG:root:> Date: Sat, 17 Nov 2018 20:26:09 GMT
DEBUG:root:> Server: Apache/2.4.6 (Red Hat Enterprise Linux) OpenSSL/1.0.2k-fips
DEBUG:root:> Content-Type: application/xml;charset=UTF-8
DEBUG:root:> Content-Length: 7640
DEBUG:root:> Correlation-Id: d2053fcf-8281-41ce-a62c-a357f92a920a
DEBUG:root:> Vary: Accept-Encoding
DEBUG:root:> 
DEBUG:root:> <?xml version="1.0" encoding="UTF-8" standalone="yes"?>
DEBUG:root:> <hosts>
DEBUG:root:>     <host href="/ovirt-engine/api/hosts/f82eba4f-636d-4663-b20e-dc845e282e85" id="f82eba4f-636d-4663-b20e-dc845e282e85">
DEBUG:root:>         <actions>
DEBUG:root:>             <link href="/ovirt-engine/api/hosts/f82eba4f-636d-4663-b20e-dc845e282e85/refresh" rel="refresh"/>
DEBUG:root:>             <link href="/ovirt-engine/api/hosts/f82eba4f-636d-4663-b20e-dc845e282e85/install" rel="install"/>
DEBUG:root:>             <link href="/ovirt-engine/api/hosts/f82eba4f-636d-4663-b20e-dc845e282e85/activate" rel="activate"/>
DEBUG:root:>             <link href="/ovirt-engine/api/hosts/f82eba4f-636d-4663-b20e-dc845e282e85/deactivate" rel="deactivate"/>
DEBUG:root:>             <link href="/ovirt-engine/api/hosts/f82eba4f-636d-4663-b20e-dc845e282e85/commitnetconfig" rel="commitnetconfig"/>
DEBUG:root:>             <link href="/ovirt-engine/api/hosts/f82eba4f-636d-4663-b20e-dc845e282e85/approve" rel="approve"/>
DEBUG:root:>             <link href="/ovirt-engine/api/hosts/f82eba4f-636d-4663-b20e-dc845e282e85/iscsilogin" rel="iscsilogin"/>
DEBUG:root:>             <link href="/ovirt-engine/api/hosts/f82eba4f-636d-4663-b20e-dc845e282e85/enrollcertificate" rel="enrollcertificate"/>
DEBUG:root:>             <link href="/ovirt-engine/api/hosts/f82eba4f-636d-4663-b20e-dc845e282e85/fence" rel="fence"/>
DEBUG:root:>             <link href="/ovirt-engine/api/hosts/f82eba4f-636d-4663-b20e-dc845e282e85/forceselectspm" rel="forceselectspm"/>
DEBUG:root:>             <link href="/ovirt-engine/api/hosts/f82eba4f-636d-4663-b20e-dc845e282e85/iscsidiscover" rel="iscsidiscover"/>
DEBUG:root:>             <link href="/ovirt-engine/api/hosts/f82eba4f-636d-4663-b20e-dc845e282e85/unregisteredstoragedomainsdiscover" rel="unregisteredstoragedomainsdiscover"/>
DEBUG:root:>             <link href="/ovirt-engine/api/hosts/f82eba4f-636d-4663-b20e-dc845e282e85/upgradecheck" rel="upgradecheck"/>
DEBUG:root:>             <link href="/ovirt-engine/api/hosts/f82eba4f-636d-4663-b20e-dc845e282e85/syncallnetworks" rel="syncallnetworks"/>
DEBUG:root:>             <link href="/ovirt-engine/api/hosts/f82eba4f-636d-4663-b20e-dc845e282e85/upgrade" rel="upgrade"/>
DEBUG:root:>             <link href="/ovirt-engine/api/hosts/f82eba4f-636d-4663-b20e-dc845e282e85/setupnetworks" rel="setupnetworks"/>
DEBUG:root:>         </actions>
DEBUG:root:>         <name>rhvh01.example.com</name>
DEBUG:root:>         <comment></comment>
DEBUG:root:>         <link href="/ovirt-engine/api/hosts/f82eba4f-636d-4663-b20e-dc845e282e85/nics" rel="nics"/>
DEBUG:root:>         <link href="/ovirt-engine/api/hosts/f82eba4f-636d-4663-b20e-dc845e282e85/numanodes" rel="numanodes"/>
DEBUG:root:>         <link href="/ovirt-engine/api/hosts/f82eba4f-636d-4663-b20e-dc845e282e85/fenceagents" rel="fenceagents"/>
DEBUG:root:>         <link href="/ovirt-engine/api/hosts/f82eba4f-636d-4663-b20e-dc845e282e85/devices" rel="devices"/>
DEBUG:root:>         <link href="/ovirt-engine/api/hosts/f82eba4f-636d-4663-b20e-dc845e282e85/hooks" rel="hooks"/>
DEBUG:root:>         <link href="/ovirt-engine/api/hosts/f82eba4f-636d-4663-b20e-dc845e282e85/storage" rel="storage"/>
DEBUG:root:>         <link href="/ovirt-engine/api/hosts/f82eba4f-636d-4663-b20e-dc845e282e85/networkattachments" rel="networkattachments"/>
DEBUG:root:>         <link href="/ovirt-engine/api/hosts/f82eba4f-636d-4663-b20e-dc845e282e85/storageconnectionextensions" rel="storageconnectionextensions"/>
DEBUG:root:>         <link href="/ovirt-engine/api/hosts/f82eba4f-636d-4663-b20e-dc845e282e85/unmanagednetworks" rel="unmanagednetworks"/>
DEBUG:root:>         <link href="/ovirt-engine/api/hosts/f82eba4f-636d-4663-b20e-dc845e282e85/externalnetworkproviderconfigurations" rel="externalnetworkproviderconfigurations"/>
DEBUG:root:>         <link href="/ovirt-engine/api/hosts/f82eba4f-636d-4663-b20e-dc845e282e85/katelloerrata" rel="katelloerrata"/>
DEBUG:root:>         <link href="/ovirt-engine/api/hosts/f82eba4f-636d-4663-b20e-dc845e282e85/permissions" rel="permissions"/>
DEBUG:root:>         <link href="/ovirt-engine/api/hosts/f82eba4f-636d-4663-b20e-dc845e282e85/tags" rel="tags"/>
DEBUG:root:>         <link href="/ovirt-engine/api/hosts/f82eba4f-636d-4663-b20e-dc845e282e85/affinitylabels" rel="affinitylabels"/>
DEBUG:root:>         <link href="/ovirt-engine/api/hosts/f82eba4f-636d-4663-b20e-dc845e282e85/statistics" rel="statistics"/>
DEBUG:root:>         <address>192.168.8.22</address>
DEBUG:root:>         <auto_numa_status>disable</auto_numa_status>
DEBUG:root:>         <certificate>
DEBUG:root:>             <organization>rhvm.example.com</organization>
DEBUG:root:>             <subject>O=rhvm.example.com,CN=192.168.8.22</subject>
DEBUG:root:>         </certificate>
DEBUG:root:>         <cpu>
DEBUG:root:>             <name>Intel Core Processor (Skylake, IBRS)</name>
DEBUG:root:>             <speed>3408</speed>
DEBUG:root:>             <topology>
DEBUG:root:>                 <cores>1</cores>
DEBUG:root:>                 <sockets>2</sockets>
DEBUG:root:>                 <threads>1</threads>
DEBUG:root:>             </topology>
DEBUG:root:>         </cpu>
DEBUG:root:>         <device_passthrough>
DEBUG:root:>             <enabled>false</enabled>
DEBUG:root:>         </device_passthrough>
DEBUG:root:>         <external_status>ok</external_status>
DEBUG:root:>         <hardware_information>
DEBUG:root:>             <manufacturer>QEMU</manufacturer>
DEBUG:root:>             <product_name>Standard PC (i440FX + PIIX, 1996)</product_name>
DEBUG:root:>             <supported_rng_sources>
DEBUG:root:>                 <supported_rng_source>random</supported_rng_source>
DEBUG:root:>                 <supported_rng_source>hwrng</supported_rng_source>
DEBUG:root:>             </supported_rng_sources>
DEBUG:root:>             <uuid>04A57498-4696-47A5-8C6E-8DE6440B6A68</uuid>
DEBUG:root:>             <version>pc-i440fx-2.11</version>
DEBUG:root:>         </hardware_information>
DEBUG:root:>         <iscsi>
DEBUG:root:>             <initiator>iqn.1994-05.com.redhat:7045ff42c53b</initiator>
DEBUG:root:>         </iscsi>
DEBUG:root:>         <kdump_status>disabled</kdump_status>
DEBUG:root:>         <ksm>
DEBUG:root:>             <enabled>false</enabled>
DEBUG:root:>         </ksm>
DEBUG:root:>         <libvirt_version>
DEBUG:root:>             <build>0</build>
DEBUG:root:>             <full_version>libvirt-4.5.0-10.el7_6.2</full_version>
DEBUG:root:>             <major>4</major>
DEBUG:root:>             <minor>5</minor>
DEBUG:root:>             <revision>0</revision>
DEBUG:root:>         </libvirt_version>
DEBUG:root:>         <max_scheduling_memory>5554307072</max_scheduling_memory>
DEBUG:root:>         <memory>3973054464</memory>
DEBUG:root:>         <numa_supported>false</numa_supported>
DEBUG:root:>         <os>
DEBUG:root:>             <custom_kernel_cmdline></custom_kernel_cmdline>
DEBUG:root:>             <reported_kernel_cmdline>BOOT_IMAGE=/boot/vmlinuz-3.10.0-957.el7.x86_64 root=UUID=6c248666-70f5-4037-8b24-17100c2f5c1e ro console=tty0 console=ttyS0,115200n8 no_timer_check net.ifnames=0 crashkernel=auto LANG=en_US.UTF-8</reported_kernel_cmdline>
DEBUG:root:>             <type>RHEL</type>
DEBUG:root:>             <version>
DEBUG:root:>                 <full_version>7.6 - 4.el7</full_version>
DEBUG:root:>                 <major>7</major>
DEBUG:root:>                 <minor>6</minor>
DEBUG:root:>             </version>
DEBUG:root:>         </os>
DEBUG:root:>         <port>54321</port>
DEBUG:root:>         <power_management>
DEBUG:root:>             <automatic_pm_enabled>true</automatic_pm_enabled>
DEBUG:root:>             <enabled>false</enabled>
DEBUG:root:>             <kdump_detection>true</kdump_detection>
DEBUG:root:>             <pm_proxies/>
DEBUG:root:>         </power_management>
DEBUG:root:>         <protocol>stomp</protocol>
DEBUG:root:>         <se_linux>
DEBUG:root:>             <mode>enforcing</mode>
DEBUG:root:>         </se_linux>
DEBUG:root:>         <spm>
DEBUG:root:>             <priority>5</priority>
DEBUG:root:>             <status>spm</status>
DEBUG:root:>         </spm>
DEBUG:root:>         <ssh>
DEBUG:root:>             <fingerprint>SHA256:CdsYbrXgGR+PYHo7KmN6OehSuZWLS39tKLiLBURVXbM</fingerprint>
DEBUG:root:>             <port>22</port>
DEBUG:root:>         </ssh>
DEBUG:root:>         <status>up</status>
DEBUG:root:>         <summary>
DEBUG:root:>             <active>0</active>
DEBUG:root:>             <migrating>0</migrating>
DEBUG:root:>             <total>0</total>
DEBUG:root:>         </summary>
DEBUG:root:>         <transparent_hugepages>
DEBUG:root:>             <enabled>true</enabled>
DEBUG:root:>         </transparent_hugepages>
DEBUG:root:>         <type>rhel</type>
DEBUG:root:>         <update_available>true</update_available>
DEBUG:root:>         <version>
DEBUG:root:>             <build>43</build>
DEBUG:root:>             <full_version>vdsm-4.20.43-1.el7ev</full_version>
DEBUG:root:>             <major>4</major>
DEBUG:root:>             <minor>20</minor>
DEBUG:root:>             <revision>0</revision>
DEBUG:root:>         </version>
DEBUG:root:>         <cluster href="/ovirt-engine/api/clusters/e8db414f-1522-426e-9f56-7effa4723146" id="e8db414f-1522-426e-9f56-7effa4723146"/>
DEBUG:root:>     </host>
DEBUG:root:> </hosts>
DEBUG:root:* Connection #1 to host rhvm.example.com left intact
DEBUG:root:* Found bundle for host rhvm.example.com: 0x1525140
DEBUG:root:* Re-using existing connection! (#1) with host rhvm.example.com
DEBUG:root:* Connected to rhvm.example.com (192.168.8.21) port 443 (#1)
DEBUG:root:< GET /ovirt-engine/api/hosts/f82eba4f-636d-4663-b20e-dc845e282e85/storage HTTP/1.1
DEBUG:root:< Host: rhvm.example.com
DEBUG:root:< User-Agent: PythonSDK/4.2.9
DEBUG:root:< Version: 4
DEBUG:root:< Content-Type: application/xml
DEBUG:root:< Accept: application/xml
DEBUG:root:< Authorization: Bearer XdRbq0dpCQhb7jD2nyxDatrKHuJKCKwq1cg3iYPiwxDCjSjXtaSOHjwzbwqLbtCWINITSfUdeCCdpwMbZZWtmw
DEBUG:root:> HTTP/1.1 200 OK
DEBUG:root:> Date: Sat, 17 Nov 2018 20:26:10 GMT
DEBUG:root:> Server: Apache/2.4.6 (Red Hat Enterprise Linux) OpenSSL/1.0.2k-fips
DEBUG:root:> Content-Type: application/xml;charset=UTF-8
DEBUG:root:> Content-Length: 73
DEBUG:root:> Correlation-Id: db0dea02-da47-4216-a5f9-18a265a56f9d
DEBUG:root:> Vary: Accept-Encoding
DEBUG:root:> 
DEBUG:root:> <?xml version="1.0" encoding="UTF-8" standalone="yes"?>
DEBUG:root:> <host_storages/>
DEBUG:root:* Connection #1 to host rhvm.example.com left intact
DEBUG:root:* Found bundle for host rhvm.example.com: 0x1525140
DEBUG:root:* Re-using existing connection! (#1) with host rhvm.example.com
DEBUG:root:* Connected to rhvm.example.com (192.168.8.21) port 443 (#1)
DEBUG:root:< GET /ovirt-engine/api/disks HTTP/1.1
DEBUG:root:< Host: rhvm.example.com
DEBUG:root:< User-Agent: PythonSDK/4.2.9
DEBUG:root:< Version: 4
DEBUG:root:< Content-Type: application/xml
DEBUG:root:< Accept: application/xml
DEBUG:root:< Authorization: Bearer XdRbq0dpCQhb7jD2nyxDatrKHuJKCKwq1cg3iYPiwxDCjSjXtaSOHjwzbwqLbtCWINITSfUdeCCdpwMbZZWtmw
DEBUG:root:> HTTP/1.1 200 OK
DEBUG:root:> Date: Sat, 17 Nov 2018 20:26:10 GMT
DEBUG:root:> Server: Apache/2.4.6 (Red Hat Enterprise Linux) OpenSSL/1.0.2k-fips
DEBUG:root:> Content-Type: application/xml;charset=UTF-8
DEBUG:root:> Content-Length: 13397
DEBUG:root:> Correlation-Id: 7e3f82ae-f877-4c15-b144-4e666c608a72
DEBUG:root:> Vary: Accept-Encoding
DEBUG:root:> 
DEBUG:root:> <?xml version="1.0" encoding="UTF-8" standalone="yes"?>
DEBUG:root:> <disks>
DEBUG:root:>     <disk href="/ovirt-engine/api/disks/6e98f361-3264-420d-84e3-15609ec29950" id="6e98f361-3264-420d-84e3-15609ec29950">
DEBUG:root:>         <actions>
DEBUG:root:>             <link href="/ovirt-engine/api/disks/6e98f361-3264-420d-84e3-15609ec29950/reduce" rel="reduce"/>
DEBUG:root:>             <link href="/ovirt-engine/api/disks/6e98f361-3264-420d-84e3-15609ec29950/sparsify" rel="sparsify"/>
DEBUG:root:>             <link href="/ovirt-engine/api/disks/6e98f361-3264-420d-84e3-15609ec29950/refreshlun" rel="refreshlun"/>
DEBUG:root:>             <link href="/ovirt-engine/api/disks/6e98f361-3264-420d-84e3-15609ec29950/move" rel="move"/>
DEBUG:root:>             <link href="/ovirt-engine/api/disks/6e98f361-3264-420d-84e3-15609ec29950/copy" rel="copy"/>
DEBUG:root:>             <link href="/ovirt-engine/api/disks/6e98f361-3264-420d-84e3-15609ec29950/export" rel="export"/>
DEBUG:root:>         </actions>
DEBUG:root:>         <name>rhel7.6_template</name>
DEBUG:root:>         <description></description>
DEBUG:root:>         <link href="/ovirt-engine/api/disks/6e98f361-3264-420d-84e3-15609ec29950/permissions" rel="permissions"/>
DEBUG:root:>         <link href="/ovirt-engine/api/disks/6e98f361-3264-420d-84e3-15609ec29950/statistics" rel="statistics"/>
DEBUG:root:>         <actual_size>1416036352</actual_size>
DEBUG:root:>         <alias>rhel7.6_template</alias>
DEBUG:root:>         <content_type>data</content_type>
DEBUG:root:>         <format>cow</format>
DEBUG:root:>         <image_id>83f97e31-98f4-4e16-b2e9-858ae3c46df3</image_id>
DEBUG:root:>         <propagate_errors>false</propagate_errors>
DEBUG:root:>         <provisioned_size>10737418240</provisioned_size>
DEBUG:root:>         <qcow_version>qcow2_v3</qcow_version>
DEBUG:root:>         <shareable>false</shareable>
DEBUG:root:>         <sparse>true</sparse>
DEBUG:root:>         <status>ok</status>
DEBUG:root:>         <storage_type>image</storage_type>
DEBUG:root:>         <total_size>1416036352</total_size>
DEBUG:root:>         <wipe_after_delete>false</wipe_after_delete>
DEBUG:root:>         <disk_profile href="/ovirt-engine/api/diskprofiles/75687245-4454-49b9-9d12-71075d309d91" id="75687245-4454-49b9-9d12-71075d309d91"/>
DEBUG:root:>         <quota href="/ovirt-engine/api/datacenters/ad3f25ac-f187-4583-94f8-eeee441bedd6/quotas/4e41be09-b578-4589-919f-3d4eccec66f7" id="4e41be09-b578-4589-919f-3d4eccec66f7"/>
DEBUG:root:>         <storage_domains>
DEBUG:root:>             <storage_domain href="/ovirt-engine/api/storagedomains/9a932667-8a7b-4928-a2bf-6f29337bceb4" id="9a932667-8a7b-4928-a2bf-6f29337bceb4"/>
DEBUG:root:>         </storage_domains>
DEBUG:root:>     </disk>
DEBUG:root:>     <disk href="/ovirt-engine/api/disks/f2266ea7-1d32-4a7c-85ab-b6c505f00653" id="f2266ea7-1d32-4a7c-85ab-b6c505f00653">
DEBUG:root:>         <actions>
DEBUG:root:>             <link href="/ovirt-engine/api/disks/f2266ea7-1d32-4a7c-85ab-b6c505f00653/reduce" rel="reduce"/>
DEBUG:root:>             <link href="/ovirt-engine/api/disks/f2266ea7-1d32-4a7c-85ab-b6c505f00653/sparsify" rel="sparsify"/>
DEBUG:root:>             <link href="/ovirt-engine/api/disks/f2266ea7-1d32-4a7c-85ab-b6c505f00653/refreshlun" rel="refreshlun"/>
DEBUG:root:>             <link href="/ovirt-engine/api/disks/f2266ea7-1d32-4a7c-85ab-b6c505f00653/move" rel="move"/>
DEBUG:root:>             <link href="/ovirt-engine/api/disks/f2266ea7-1d32-4a7c-85ab-b6c505f00653/copy" rel="copy"/>
DEBUG:root:>             <link href="/ovirt-engine/api/disks/f2266ea7-1d32-4a7c-85ab-b6c505f00653/export" rel="export"/>
DEBUG:root:>         </actions>
DEBUG:root:>         <name>rhel7.6_template</name>
DEBUG:root:>         <description></description>
DEBUG:root:>         <link href="/ovirt-engine/api/disks/f2266ea7-1d32-4a7c-85ab-b6c505f00653/permissions" rel="permissions"/>
DEBUG:root:>         <link href="/ovirt-engine/api/disks/f2266ea7-1d32-4a7c-85ab-b6c505f00653/statistics" rel="statistics"/>
DEBUG:root:>         <actual_size>63508480</actual_size>
DEBUG:root:>         <alias>rhel7.6_template</alias>
DEBUG:root:>         <content_type>data</content_type>
DEBUG:root:>         <format>cow</format>
DEBUG:root:>         <image_id>394433c5-a9cd-4e18-a58c-ca1d09037d72</image_id>
DEBUG:root:>         <propagate_errors>false</propagate_errors>
DEBUG:root:>         <provisioned_size>10737418240</provisioned_size>
DEBUG:root:>         <qcow_version>qcow2_v3</qcow_version>
DEBUG:root:>         <shareable>false</shareable>
DEBUG:root:>         <sparse>true</sparse>
DEBUG:root:>         <status>ok</status>
DEBUG:root:>         <storage_type>image</storage_type>
DEBUG:root:>         <total_size>63508480</total_size>
DEBUG:root:>         <wipe_after_delete>false</wipe_after_delete>
DEBUG:root:>         <disk_profile href="/ovirt-engine/api/diskprofiles/75687245-4454-49b9-9d12-71075d309d91" id="75687245-4454-49b9-9d12-71075d309d91"/>
DEBUG:root:>         <quota href="/ovirt-engine/api/datacenters/ad3f25ac-f187-4583-94f8-eeee441bedd6/quotas/4e41be09-b578-4589-919f-3d4eccec66f7" id="4e41be09-b578-4589-919f-3d4eccec66f7"/>
DEBUG:root:>         <storage_domains>
DEBUG:root:>             <storage_domain href="/ovirt-engine/api/storagedomains/9a932667-8a7b-4928-a2bf-6f29337bceb4" id="9a932667-8a7b-4928-a2bf-6f29337bceb4"/>
DEBUG:root:>         </storage_domains>
DEBUG:root:>     </disk>
DEBUG:root:>     <disk href="/ovirt-engine/api/disks/640d099c-135a-4940-8929-6e6312d64af3" id="640d099c-135a-4940-8929-6e6312d64af3">
DEBUG:root:>         <actions>
DEBUG:root:>             <link href="/ovirt-engine/api/disks/640d099c-135a-4940-8929-6e6312d64af3/reduce" rel="reduce"/>
DEBUG:root:>             <link href="/ovirt-engine/api/disks/640d099c-135a-4940-8929-6e6312d64af3/sparsify" rel="sparsify"/>
DEBUG:root:>             <link href="/ovirt-engine/api/disks/640d099c-135a-4940-8929-6e6312d64af3/refreshlun" rel="refreshlun"/>
DEBUG:root:>             <link href="/ovirt-engine/api/disks/640d099c-135a-4940-8929-6e6312d64af3/move" rel="move"/>
DEBUG:root:>             <link href="/ovirt-engine/api/disks/640d099c-135a-4940-8929-6e6312d64af3/copy" rel="copy"/>
DEBUG:root:>             <link href="/ovirt-engine/api/disks/640d099c-135a-4940-8929-6e6312d64af3/export" rel="export"/>
DEBUG:root:>         </actions>
DEBUG:root:>         <name>OVF_STORE</name>
DEBUG:root:>         <description>OVF_STORE</description>
DEBUG:root:>         <link href="/ovirt-engine/api/disks/640d099c-135a-4940-8929-6e6312d64af3/permissions" rel="permissions"/>
DEBUG:root:>         <link href="/ovirt-engine/api/disks/640d099c-135a-4940-8929-6e6312d64af3/statistics" rel="statistics"/>
DEBUG:root:>         <actual_size>134217728</actual_size>
DEBUG:root:>         <alias>OVF_STORE</alias>
DEBUG:root:>         <content_type>ovf_store</content_type>
DEBUG:root:>         <format>raw</format>
DEBUG:root:>         <image_id>adde24e7-47d8-45e4-a8d4-871a84c3d825</image_id>
DEBUG:root:>         <propagate_errors>false</propagate_errors>
DEBUG:root:>         <provisioned_size>134217728</provisioned_size>
DEBUG:root:>         <shareable>false</shareable>
DEBUG:root:>         <sparse>false</sparse>
DEBUG:root:>         <status>ok</status>
DEBUG:root:>         <storage_type>image</storage_type>
DEBUG:root:>         <total_size>134217728</total_size>
DEBUG:root:>         <wipe_after_delete>false</wipe_after_delete>
DEBUG:root:>         <disk_profile href="/ovirt-engine/api/diskprofiles/c728b4bf-ca3a-47e3-b371-38e4f658784b" id="c728b4bf-ca3a-47e3-b371-38e4f658784b"/>
DEBUG:root:>         <quota href="/ovirt-engine/api/datacenters/ad3f25ac-f187-4583-94f8-eeee441bedd6/quotas/4e41be09-b578-4589-919f-3d4eccec66f7" id="4e41be09-b578-4589-919f-3d4eccec66f7"/>
DEBUG:root:>         <storage_domains>
DEBUG:root:>             <storage_domain href="/ovirt-engine/api/storagedomains/2c2e9507-75e0-4e1a-9b28-2fa26dfb5a88" id="2c2e9507-75e0-4e1a-9b28-2fa26dfb5a88"/>
DEBUG:root:>         </storage_domains>
DEBUG:root:>     </disk>
DEBUG:root:>     <disk href="/ovirt-engine/api/disks/1104da59-ce73-4a3c-a548-b8e4318968bf" id="1104da59-ce73-4a3c-a548-b8e4318968bf">
DEBUG:root:>         <actions>
DEBUG:root:>             <link href="/ovirt-engine/api/disks/1104da59-ce73-4a3c-a548-b8e4318968bf/reduce" rel="reduce"/>
DEBUG:root:>             <link href="/ovirt-engine/api/disks/1104da59-ce73-4a3c-a548-b8e4318968bf/sparsify" rel="sparsify"/>
DEBUG:root:>             <link href="/ovirt-engine/api/disks/1104da59-ce73-4a3c-a548-b8e4318968bf/refreshlun" rel="refreshlun"/>
DEBUG:root:>             <link href="/ovirt-engine/api/disks/1104da59-ce73-4a3c-a548-b8e4318968bf/move" rel="move"/>
DEBUG:root:>             <link href="/ovirt-engine/api/disks/1104da59-ce73-4a3c-a548-b8e4318968bf/copy" rel="copy"/>
DEBUG:root:>             <link href="/ovirt-engine/api/disks/1104da59-ce73-4a3c-a548-b8e4318968bf/export" rel="export"/>
DEBUG:root:>         </actions>
DEBUG:root:>         <name>OVF_STORE</name>
DEBUG:root:>         <description>OVF_STORE</description>
DEBUG:root:>         <link href="/ovirt-engine/api/disks/1104da59-ce73-4a3c-a548-b8e4318968bf/permissions" rel="permissions"/>
DEBUG:root:>         <link href="/ovirt-engine/api/disks/1104da59-ce73-4a3c-a548-b8e4318968bf/statistics" rel="statistics"/>
DEBUG:root:>         <actual_size>134217728</actual_size>
DEBUG:root:>         <alias>OVF_STORE</alias>
DEBUG:root:>         <content_type>ovf_store</content_type>
DEBUG:root:>         <format>raw</format>
DEBUG:root:>         <image_id>ffed0e18-3262-4c88-b2b9-edf9c24e0090</image_id>
DEBUG:root:>         <propagate_errors>false</propagate_errors>
DEBUG:root:>         <provisioned_size>13
DEBUG:root:> 4217728</provisioned_size>
DEBUG:root:>         <shareable>false</shareable>
DEBUG:root:>         <sparse>false</sparse>
DEBUG:root:>         <status>ok</status>
DEBUG:root:>         <storage_type>image</storage_type>
DEBUG:root:>         <total_size>134217728</total_size>
DEBUG:root:>         <wipe_after_delete>false</wipe_after_delete>
DEBUG:root:>         <disk_profile href="/ovirt-engine/api/diskprofiles/c728b4bf-ca3a-47e3-b371-38e4f658784b" id="c728b4bf-ca3a-47e3-b371-38e4f658784b"/>
DEBUG:root:>         <quota href="/ovirt-engine/api/datacenters/ad3f25ac-f187-4583-94f8-eeee441bedd6/quotas/4e41be09-b578-4589-919f-3d4eccec66f7" id="4e41be09-b578-4589-919f-3d4eccec66f7"/>
DEBUG:root:>         <storage_domains>
DEBUG:root:>             <storage_domain href="/ovirt-engine/api/storagedomains/2c2e9507-75e0-4e1a-9b28-2fa26dfb5a88" id="2c2e9507-75e0-4e1a-9b28-2fa26dfb5a88"/>
DEBUG:root:>         </storage_domains>
DEBUG:root:>     </disk>
DEBUG:root:>     <disk href="/ovirt-engine/api/disks/cce950f5-a94a-4f16-8d21-a5dd863c3b1c" id="cce950f5-a94a-4f16-8d21-a5dd863c3b1c">
DEBUG:root:>         <actions>
DEBUG:root:>             <link href="/ovirt-engine/api/disks/cce950f5-a94a-4f16-8d21-a5dd863c3b1c/reduce" rel="reduce"/>
DEBUG:root:>             <link href="/ovirt-engine/api/disks/cce950f5-a94a-4f16-8d21-a5dd863c3b1c/sparsify" rel="sparsify"/>
DEBUG:root:>             <link href="/ovirt-engine/api/disks/cce950f5-a94a-4f16-8d21-a5dd863c3b1c/refreshlun" rel="refreshlun"/>
DEBUG:root:>             <link href="/ovirt-engine/api/disks/cce950f5-a94a-4f16-8d21-a5dd863c3b1c/move" rel="move"/>
DEBUG:root:>             <link href="/ovirt-engine/api/disks/cce950f5-a94a-4f16-8d21-a5dd863c3b1c/copy" rel="copy"/>
DEBUG:root:>             <link href="/ovirt-engine/api/disks/cce950f5-a94a-4f16-8d21-a5dd863c3b1c/export" rel="export"/>
DEBUG:root:>         </actions>
DEBUG:root:>         <name>OVF_STORE</name>
DEBUG:root:>         <description>OVF_STORE</description>
DEBUG:root:>         <link href="/ovirt-engine/api/disks/cce950f5-a94a-4f16-8d21-a5dd863c3b1c/permissions" rel="permissions"/>
DEBUG:root:>         <link href="/ovirt-engine/api/disks/cce950f5-a94a-4f16-8d21-a5dd863c3b1c/statistics" rel="statistics"/>
DEBUG:root:>         <actual_size>134217728</actual_size>
DEBUG:root:>         <alias>OVF_STORE</alias>
DEBUG:root:>         <content_type>ovf_store</content_type>
DEBUG:root:>         <format>raw</format>
DEBUG:root:>         <image_id>c6598455-0624-4c4f-8414-99c89f18ccc7</image_id>
DEBUG:root:>         <propagate_errors>false</propagate_errors>
DEBUG:root:>         <provisioned_size>134217728</provisioned_size>
DEBUG:root:>         <shareable>false</shareable>
DEBUG:root:>         <sparse>false</sparse>
DEBUG:root:>         <status>ok</status>
DEBUG:root:>         <storage_type>image</storage_type>
DEBUG:root:>         <total_size>134217728</total_size>
DEBUG:root:>         <wipe_after_delete>false</wipe_after_delete>
DEBUG:root:>         <disk_profile href="/ovirt-engine/api/diskprofiles/75687245-4454-49b9-9d12-71075d309d91" id="75687245-4454-49b9-9d12-71075d309d91"/>
DEBUG:root:>         <quota href="/ovirt-engine/api/datacenters/ad3f25ac-f187-4583-94f8-eeee441bedd6/quotas/4e41be09-b578-4589-919f-3d4eccec66f7" id="4e41be09-b578-4589-919f-3d4eccec66f7"/>
DEBUG:root:>         <storage_domains>
DEBUG:root:>             <storage_domain href="/ovirt-engine/api/storagedomains/9a932667-8a7b-4928-a2bf-6f29337bceb4" id="9a932667-8a7b-4928-a2bf-6f29337bceb4"/>
DEBUG:root:>         </storage_domains>
DEBUG:root:>     </disk>
DEBUG:root:>     <disk href="/ovirt-engine/api/disks/8ff9fb6a-14fc-4feb-bd23-e2978851ccaf" id="8ff9fb6a-14fc-4feb-bd23-e2978851ccaf">
DEBUG:root:>         <actions>
DEBUG:root:>             <link href="/ovirt-engine/api/disks/8ff9fb6a-14fc-4feb-bd23-e2978851ccaf/reduce" rel="reduce"/>
DEBUG:root:>             <link href="/ovirt-engine/api/disks/8ff9fb6a-14fc-4feb-bd23-e2978851ccaf/sparsify" rel="sparsify"/>
DEBUG:root:>             <link href="/ovirt-engine/api/disks/8ff9fb6a-14fc-4feb-bd23-e2978851ccaf/refreshlun" rel="refreshlun"/>
DEBUG:root:>             <link href="/ovirt-engine/api/disks/8ff9fb6a-14fc-4feb-bd23-e2978851ccaf/move" rel="move"/>
DEBUG:root:>             <link href="/ovirt-engine/api/disks/8ff9fb6a-14fc-4feb-bd23-e2978851ccaf/copy" rel="copy"/>
DEBUG:root:>             <link href="/ovirt-engine/api/disks/8ff9fb6a-14fc-4feb-bd23-e2978851ccaf/export" rel="export"/>
DEBUG:root:>         </actions>
DEBUG:root:>         <name>OVF_STORE</name>
DEBUG:root:>         <description>OVF_STORE</description>
DEBUG:root:>         <link href="/ovirt-engine/api/disks/8ff9fb6a-14fc-4feb-bd23-e2978851ccaf/permissions" rel="permissions"/>
DEBUG:root:>         <link href="/ovirt-engine/api/disks/8ff9fb6a-14fc-4feb-bd23-e2978851ccaf/statistics" rel="statistics"/>
DEBUG:root:>         <actual_size>134217728</actual_size>
DEBUG:root:>         <alias>OVF_STORE</alias>
DEBUG:root:>         <content_type>ovf_store</content_type>
DEBUG:root:>         <format>raw</format>
DEBUG:root:>         <image_id>dfd1a16d-738c-4677-a378-d00301d6865c</image_id>
DEBUG:root:>         <propagate_errors>false</propagate_errors>
DEBUG:root:>         <provisioned_size>134217728</provisioned_size>
DEBUG:root:>         <shareable>false</shareable>
DEBUG:root:>         <sparse>false</sparse>
DEBUG:root:>         <status>ok</status>
DEBUG:root:>         <storage_type>image</storage_type>
DEBUG:root:>         <total_size>134217728</total_size>
DEBUG:root:>         <wipe_after_delete>false</wipe_after_delete>
DEBUG:root:>         <disk_profile href="/ovirt-engine/api/diskprofiles/75687245-4454-49b9-9d12-71075d309d91" id="75687245-4454-49b9-9d12-71075d309d91"/>
DEBUG:root:>         <quota href="/ovirt-engine/api/datacenters/ad3f25ac-f187-4583-94f8-eeee441bedd6/quotas/4e41be09-b578-4589-919f-3d4eccec66f7" id="4e41be09-b578-4589-919f-3d4eccec66f7"/>
DEBUG:root:>         <storage_domains>
DEBUG:root:>             <storage_domain href="/ovirt-engine/api/storagedomains/9a932667-8a7b-4928-a2bf-6f29337bceb4" id="9a932667-8a7b-4928-a2bf-6f29337bceb4"/>
DEBUG:root:>         </storage_domains>
DEBUG:root:>     </disk>
DEBUG:root:> </disks>
DEBUG:root:* Connection #1 to host rhvm.example.com left intact
DEBUG:root:* Found bundle for host rhvm.example.com: 0x1525140
DEBUG:root:* Re-using existing connection! (#1) with host rhvm.example.com
DEBUG:root:* Connected to rhvm.example.com (192.168.8.21) port 443 (#1)
DEBUG:root:< GET /ovirt-engine/api/affinitylabels HTTP/1.1
DEBUG:root:< Host: rhvm.example.com
DEBUG:root:< User-Agent: PythonSDK/4.2.9
DEBUG:root:< Version: 4
DEBUG:root:< Content-Type: application/xml
DEBUG:root:< Accept: application/xml
DEBUG:root:< Authorization: Bearer XdRbq0dpCQhb7jD2nyxDatrKHuJKCKwq1cg3iYPiwxDCjSjXtaSOHjwzbwqLbtCWINITSfUdeCCdpwMbZZWtmw
DEBUG:root:> HTTP/1.1 200 OK
DEBUG:root:> Date: Sat, 17 Nov 2018 20:26:10 GMT
DEBUG:root:> Server: Apache/2.4.6 (Red Hat Enterprise Linux) OpenSSL/1.0.2k-fips
DEBUG:root:> Content-Type: application/xml;charset=UTF-8
DEBUG:root:> Content-Length: 75
DEBUG:root:> Correlation-Id: 7a3e3f83-ceb4-4610-81b6-90b9e6999edf
DEBUG:root:> Vary: Accept-Encoding
DEBUG:root:> 
DEBUG:root:> <?xml version="1.0" encoding="UTF-8" standalone="yes"?>
DEBUG:root:> <affinity_labels/>
DEBUG:root:* Connection #1 to host rhvm.example.com left intact
DEBUG:root:* Found bundle for host rhvm.example.com: 0x1525140
DEBUG:root:* Re-using existing connection! (#1) with host rhvm.example.com
DEBUG:root:* Connected to rhvm.example.com (192.168.8.21) port 443 (#1)
DEBUG:root:< GET /ovirt-engine/api/domains HTTP/1.1
DEBUG:root:< Host: rhvm.example.com
DEBUG:root:< User-Agent: PythonSDK/4.2.9
DEBUG:root:< Version: 4
DEBUG:root:< Content-Type: application/xml
DEBUG:root:< Accept: application/xml
DEBUG:root:< Authorization: Bearer XdRbq0dpCQhb7jD2nyxDatrKHuJKCKwq1cg3iYPiwxDCjSjXtaSOHjwzbwqLbtCWINITSfUdeCCdpwMbZZWtmw
DEBUG:root:> HTTP/1.1 200 OK
DEBUG:root:> Date: Sat, 17 Nov 2018 20:26:10 GMT
DEBUG:root:> Server: Apache/2.4.6 (Red Hat Enterprise Linux) OpenSSL/1.0.2k-fips
DEBUG:root:> Content-Type: application/xml;charset=UTF-8
DEBUG:root:> Content-Length: 668
DEBUG:root:> Correlation-Id: d42c42d9-8998-4a6e-a223-f411eb5e9554
DEBUG:root:> Vary: Accept-Encoding
DEBUG:root:> 
DEBUG:root:> <?xml version="1.0" encoding="UTF-8" standalone="yes"?>
DEBUG:root:> <domains>
DEBUG:root:>     <domain href="/ovirt-engine/api/domains/696E7465726E616C2D617574687A" id="696E7465726E616C2D617574687A">
DEBUG:root:>         <name>internal-authz</name>
DEBUG:root:>         <link href="/ovirt-engine/api/domains/696E7465726E616C2D617574687A/users" rel="users"/>
DEBUG:root:>         <link href="/ovirt-engine/api/domains/696E7465726E616C2D617574687A/groups" rel="groups"/>
DEBUG:root:>         <link href="/ovirt-engine/api/domains/696E7465726E616C2D617574687A/users?search={query}" rel="users/search"/>
DEBUG:root:>         <link href="/ovirt-engine/api/domains/696E7465726E616C2D617574687A/groups?search={query}" rel="groups/search"/>
DEBUG:root:>     </domain>
DEBUG:root:> </domains>
DEBUG:root:* Connection #1 to host rhvm.example.com left intact
DEBUG:root:* Found bundle for host rhvm.example.com: 0x1525140
DEBUG:root:* Re-using existing connection! (#1) with host rhvm.example.com
DEBUG:root:* Connected to rhvm.example.com (192.168.8.21) port 443 (#1)
DEBUG:root:< GET /ovirt-engine/api/vnicprofiles HTTP/1.1
DEBUG:root:< Host: rhvm.example.com
DEBUG:root:< User-Agent: PythonSDK/4.2.9
DEBUG:root:< Version: 4
DEBUG:root:< Content-Type: application/xml
DEBUG:root:< Accept: application/xml
DEBUG:root:< Authorization: Bearer XdRbq0dpCQhb7jD2nyxDatrKHuJKCKwq1cg3iYPiwxDCjSjXtaSOHjwzbwqLbtCWINITSfUdeCCdpwMbZZWtmw
DEBUG:root:> HTTP/1.1 200 OK
DEBUG:root:> Date: Sat, 17 Nov 2018 20:26:10 GMT
DEBUG:root:> Server: Apache/2.4.6 (Red Hat Enterprise Linux) OpenSSL/1.0.2k-fips
DEBUG:root:> Content-Type: application/xml;charset=UTF-8
DEBUG:root:> Content-Length: 1515
DEBUG:root:> Correlation-Id: ebfdd86c-4599-468a-97ff-e884b2b44244
DEBUG:root:> Vary: Accept-Encoding
DEBUG:root:> 
DEBUG:root:> <?xml version="1.0" encoding="UTF-8" standalone="yes"?>
DEBUG:root:> <vnic_profiles>
DEBUG:root:>     <vnic_profile href="/ovirt-engine/api/vnicprofiles/682269b3-f133-4168-9b26-204c983e91fb" id="682269b3-f133-4168-9b26-204c983e91fb">
DEBUG:root:>         <name>ovirtmgmt</name>
DEBUG:root:>         <link href="/ovirt-engine/api/vnicprofiles/682269b3-f133-4168-9b26-204c983e91fb/permissions" rel="permissions"/>
DEBUG:root:>         <pass_through>
DEBUG:root:>             <mode>disabled</mode>
DEBUG:root:>         </pass_through>
DEBUG:root:>         <port_mirroring>false</port_mirroring>
DEBUG:root:>         <network href="/ovirt-engine/api/networks/aeec7057-b9e9-4385-aad0-0d7055066fee" id="aeec7057-b9e9-4385-aad0-0d7055066fee"/>
DEBUG:root:>         <network_filter href="/ovirt-engine/api/networkfilters/6739470a-e6d8-11e8-8321-52540033d4fe" id="6739470a-e6d8-11e8-8321-52540033d4fe"/>
DEBUG:root:>     </vnic_profile>
DEBUG:root:>     <vnic_profile href="/ovirt-engine/api/vnicprofiles/ca701db1-dbd5-4562-9f81-5c948a513668" id="ca701db1-dbd5-4562-9f81-5c948a513668">
DEBUG:root:>         <name>mynetwork</name>
DEBUG:root:>         <link href="/ovirt-engine/api/vnicprofiles/ca701db1-dbd5-4562-9f81-5c948a513668/permissions" rel="permissions"/>
DEBUG:root:>         <pass_through>
DEBUG:root:>             <mode>disabled</mode>
DEBUG:root:>         </pass_through>
DEBUG:root:>         <port_mirroring>false</port_mirroring>
DEBUG:root:>         <network href="/ovirt-engine/api/networks/cf84aa07-8cfe-4d8f-b978-8d24d8d0d40f" id="cf84aa07-8cfe-4d8f-b978-8d24d8d0d40f"/>
DEBUG:root:>         <network_filter href="/ovirt-engine/api/networkfilters/6739470a-e6d8-11e8-8321-52540033d4fe" id="6739470a-e6d8-11e8-8321-52540033d4fe"/>
DEBUG:root:>     </vnic_profile>
DEBUG:root:> </vnic_profiles>
DEBUG:root:* Connection #1 to host rhvm.example.com left intact
DEBUG:root:* Found bundle for host rhvm.example.com: 0x1525140
DEBUG:root:* Re-using existing connection! (#1) with host rhvm.example.com
DEBUG:root:* Connected to rhvm.example.com (192.168.8.21) port 443 (#1)
DEBUG:root:< GET /ovirt-engine/api/networks HTTP/1.1
DEBUG:root:< Host: rhvm.example.com
DEBUG:root:< User-Agent: PythonSDK/4.2.9
DEBUG:root:< Version: 4
DEBUG:root:< Content-Type: application/xml
DEBUG:root:< Accept: application/xml
DEBUG:root:< Authorization: Bearer XdRbq0dpCQhb7jD2nyxDatrKHuJKCKwq1cg3iYPiwxDCjSjXtaSOHjwzbwqLbtCWINITSfUdeCCdpwMbZZWtmw
DEBUG:root:> HTTP/1.1 200 OK
DEBUG:root:> Date: Sat, 17 Nov 2018 20:26:10 GMT
DEBUG:root:> Server: Apache/2.4.6 (Red Hat Enterprise Linux) OpenSSL/1.0.2k-fips
DEBUG:root:> Content-Type: application/xml;charset=UTF-8
DEBUG:root:> Content-Length: 1793
DEBUG:root:> Correlation-Id: d06331dc-2691-46e6-837f-fcfe4c54b9ce
DEBUG:root:> Vary: Accept-Encoding
DEBUG:root:> 
DEBUG:root:> <?xml version="1.0" encoding="UTF-8" standalone="yes"?>
DEBUG:root:> <networks>
DEBUG:root:>     <network href="/ovirt-engine/api/networks/cf84aa07-8cfe-4d8f-b978-8d24d8d0d40f" id="cf84aa07-8cfe-4d8f-b978-8d24d8d0d40f">
DEBUG:root:>         <name>mynetwork</name>
DEBUG:root:>         <description></description>
DEBUG:root:>         <comment></comment>
DEBUG:root:>         <link href="/ovirt-engine/api/networks/cf84aa07-8cfe-4d8f-b978-8d24d8d0d40f/networklabels" rel="networklabels"/>
DEBUG:root:>         <link href="/ovirt-engine/api/networks/cf84aa07-8cfe-4d8f-b978-8d24d8d0d40f/permissions" rel="permissions"/>
DEBUG:root:>         <link href="/ovirt-engine/api/networks/cf84aa07-8cfe-4d8f-b978-8d24d8d0d40f/vnicprofiles" rel="vnicprofiles"/>
DEBUG:root:>         <mtu>0</mtu>
DEBUG:root:>         <stp>false</stp>
DEBUG:root:>         <usages>
DEBUG:root:>             <usage>vm</usage>
DEBUG:root:>         </usages>
DEBUG:root:>         <data_center href="/ovirt-engine/api/datacenters/ad3f25ac-f187-4583-94f8-eeee441bedd6" id="ad3f25ac-f187-4583-94f8-eeee441bedd6"/>
DEBUG:root:>     </network>
DEBUG:root:>     <network href="/ovirt-engine/api/networks/aeec7057-b9e9-4385-aad0-0d7055066fee" id="aeec7057-b9e9-4385-aad0-0d7055066fee">
DEBUG:root:>         <name>ovirtmgmt</name>
DEBUG:root:>         <description>Default Management Network</description>
DEBUG:root:>         <comment></comment>
DEBUG:root:>         <link href="/ovirt-engine/api/networks/aeec7057-b9e9-4385-aad0-0d7055066fee/networklabels" rel="networklabels"/>
DEBUG:root:>         <link href="/ovirt-engine/api/networks/aeec7057-b9e9-4385-aad0-0d7055066fee/permissions" rel="permissions"/>
DEBUG:root:>         <link href="/ovirt-engine/api/networks/aeec7057-b9e9-4385-aad0-0d7055066fee/vnicprofiles" rel="vnicprofiles"/>
DEBUG:root:>         <mtu>0</mtu>
DEBUG:root:>         <stp>false</stp>
DEBUG:root:>         <usages>
DEBUG:root:>             <usage>vm</usage>
DEBUG:root:>         </usages>
DEBUG:root:>         <data_center href="/ovirt-engine/api/datacenters/ad3f25ac-f187-4583-94f8-eeee441bedd6" id="ad3f25ac-f187-4583-94f8-eeee441bedd6"/>
DEBUG:root:>     </network>
DEBUG:root:> </networks>
DEBUG:root:* Connection #1 to host rhvm.example.com left intact
DEBUG:root:* Found bundle for host rhvm.example.com: 0x1525140
DEBUG:root:* Re-using existing connection! (#1) with host rhvm.example.com
DEBUG:root:* Connected to rhvm.example.com (192.168.8.21) port 443 (#1)
DEBUG:root:< GET /ovirt-engine/api/datacenters/ad3f25ac-f187-4583-94f8-eeee441bedd6 HTTP/1.1
DEBUG:root:< Host: rhvm.example.com
DEBUG:root:< User-Agent: PythonSDK/4.2.9
DEBUG:root:< Version: 4
DEBUG:root:< Content-Type: application/xml
DEBUG:root:< Accept: application/xml
DEBUG:root:< Authorization: Bearer XdRbq0dpCQhb7jD2nyxDatrKHuJKCKwq1cg3iYPiwxDCjSjXtaSOHjwzbwqLbtCWINITSfUdeCCdpwMbZZWtmw
DEBUG:root:> HTTP/1.1 200 OK
DEBUG:root:> Date: Sat, 17 Nov 2018 20:26:10 GMT
DEBUG:root:> Server: Apache/2.4.6 (Red Hat Enterprise Linux) OpenSSL/1.0.2k-fips
DEBUG:root:> Content-Type: application/xml;charset=UTF-8
DEBUG:root:> Content-Length: 1492
DEBUG:root:> Correlation-Id: 0626d1e5-d188-47f7-8845-ec72b0125016
DEBUG:root:> Vary: Accept-Encoding
DEBUG:root:> 
DEBUG:root:> <?xml version="1.0" encoding="UTF-8" standalone="yes"?>
DEBUG:root:> <data_center href="/ovirt-engine/api/datacenters/ad3f25ac-f187-4583-94f8-eeee441bedd6" id="ad3f25ac-f187-4583-94f8-eeee441bedd6">
DEBUG:root:>     <name>mydatacenter</name>
DEBUG:root:>     <link href="/ovirt-engine/api/datacenters/ad3f25ac-f187-4583-94f8-eeee441bedd6/qoss" rel="qoss"/>
DEBUG:root:>     <link href="/ovirt-engine/api/datacenters/ad3f25ac-f187-4583-94f8-eeee441bedd6/quotas" rel="quotas"/>
DEBUG:root:>     <link href="/ovirt-engine/api/datacenters/ad3f25ac-f187-4583-94f8-eeee441bedd6/storagedomains" rel="storagedomains"/>
DEBUG:root:>     <link href="/ovirt-engine/api/datacenters/ad3f25ac-f187-4583-94f8-eeee441bedd6/permissions" rel="permissions"/>
DEBUG:root:>     <link href="/ovirt-engine/api/datacenters/ad3f25ac-f187-4583-94f8-eeee441bedd6/networks" rel="networks"/>
DEBUG:root:>     <link href="/ovirt-engine/api/datacenters/ad3f25ac-f187-4583-94f8-eeee441bedd6/iscsibonds" rel="iscsibonds"/>
DEBUG:root:>     <link href="/ovirt-engine/api/datacenters/ad3f25ac-f187-4583-94f8-eeee441bedd6/clusters" rel="clusters"/>
DEBUG:root:>     <local>false</local>
DEBUG:root:>     <quota_mode>disabled</quota_mode>
DEBUG:root:>     <status>up</status>
DEBUG:root:>     <storage_format>v4</storage_format>
DEBUG:root:>     <supported_versions>
DEBUG:root:>         <version>
DEBUG:root:>             <major>4</major>
DEBUG:root:>             <minor>2</minor>
DEBUG:root:>         </version>
DEBUG:root:>     </supported_versions>
DEBUG:root:>     <version>
DEBUG:root:>         <major>4</major>
DEBUG:root:>         <minor>2</minor>
DEBUG:root:>     </version>
DEBUG:root:>     <mac_pool href="/ovirt-engine/api/macpools/58ca604b-017d-0374-0220-00000000014e" id="58ca604b-017d-0374-0220-00000000014e"/>
DEBUG:root:> </data_center>
DEBUG:root:* Connection #1 to host rhvm.example.com left intact
DEBUG:root:* Found bundle for host rhvm.example.com: 0x1525140
DEBUG:root:* Re-using existing connection! (#1) with host rhvm.example.com
DEBUG:root:* Connected to rhvm.example.com (192.168.8.21) port 443 (#1)
DEBUG:root:< GET /ovirt-engine/api/networks HTTP/1.1
DEBUG:root:< Host: rhvm.example.com
DEBUG:root:< User-Agent: PythonSDK/4.2.9
DEBUG:root:< Version: 4
DEBUG:root:< Content-Type: application/xml
DEBUG:root:< Accept: application/xml
DEBUG:root:< Authorization: Bearer XdRbq0dpCQhb7jD2nyxDatrKHuJKCKwq1cg3iYPiwxDCjSjXtaSOHjwzbwqLbtCWINITSfUdeCCdpwMbZZWtmw
DEBUG:root:> HTTP/1.1 200 OK
DEBUG:root:> Date: Sat, 17 Nov 2018 20:26:10 GMT
DEBUG:root:> Server: Apache/2.4.6 (Red Hat Enterprise Linux) OpenSSL/1.0.2k-fips
DEBUG:root:> Content-Type: application/xml;charset=UTF-8
DEBUG:root:> Content-Length: 1793
DEBUG:root:> Correlation-Id: f37d5c7d-cdfa-49e0-8b1a-b8edc58609b9
DEBUG:root:> Vary: Accept-Encoding
DEBUG:root:> 
DEBUG:root:> <?xml version="1.0" encoding="UTF-8" standalone="yes"?>
DEBUG:root:> <networks>
DEBUG:root:>     <network href="/ovirt-engine/api/networks/cf84aa07-8cfe-4d8f-b978-8d24d8d0d40f" id="cf84aa07-8cfe-4d8f-b978-8d24d8d0d40f">
DEBUG:root:>         <name>mynetwork</name>
DEBUG:root:>         <description></description>
DEBUG:root:>         <comment></comment>
DEBUG:root:>         <link href="/ovirt-engine/api/networks/cf84aa07-8cfe-4d8f-b978-8d24d8d0d40f/networklabels" rel="networklabels"/>
DEBUG:root:>         <link href="/ovirt-engine/api/networks/cf84aa07-8cfe-4d8f-b978-8d24d8d0d40f/permissions" rel="permissions"/>
DEBUG:root:>         <link href="/ovirt-engine/api/networks/cf84aa07-8cfe-4d8f-b978-8d24d8d0d40f/vnicprofiles" rel="vnicprofiles"/>
DEBUG:root:>         <mtu>0</mtu>
DEBUG:root:>         <stp>false</stp>
DEBUG:root:>         <usages>
DEBUG:root:>             <usage>vm</usage>
DEBUG:root:>         </usages>
DEBUG:root:>         <data_center href="/ovirt-engine/api/datacenters/ad3f25ac-f187-4583-94f8-eeee441bedd6" id="ad3f25ac-f187-4583-94f8-eeee441bedd6"/>
DEBUG:root:>     </network>
DEBUG:root:>     <network href="/ovirt-engine/api/networks/aeec7057-b9e9-4385-aad0-0d7055066fee" id="aeec7057-b9e9-4385-aad0-0d7055066fee">
DEBUG:root:>         <name>ovirtmgmt</name>
DEBUG:root:>         <description>Default Management Network</description>
DEBUG:root:>         <comment></comment>
DEBUG:root:>         <link href="/ovirt-engine/api/networks/aeec7057-b9e9-4385-aad0-0d7055066fee/networklabels" rel="networklabels"/>
DEBUG:root:>         <link href="/ovirt-engine/api/networks/aeec7057-b9e9-4385-aad0-0d7055066fee/permissions" rel="permissions"/>
DEBUG:root:>         <link href="/ovirt-engine/api/networks/aeec7057-b9e9-4385-aad0-0d7055066fee/vnicprofiles" rel="vnicprofiles"/>
DEBUG:root:>         <mtu>0</mtu>
DEBUG:root:>         <stp>false</stp>
DEBUG:root:>         <usages>
DEBUG:root:>             <usage>vm</usage>
DEBUG:root:>         </usages>
DEBUG:root:>         <data_center href="/ovirt-engine/api/datacenters/ad3f25ac-f187-4583-94f8-eeee441bedd6" id="ad3f25ac-f187-4583-94f8-eeee441bedd6"/>
DEBUG:root:>     </network>
DEBUG:root:> </networks>
DEBUG:root:* Connection #1 to host rhvm.example.com left intact
DEBUG:root:* Found bundle for host rhvm.example.com: 0x1525140
DEBUG:root:* Re-using existing connection! (#1) with host rhvm.example.com
DEBUG:root:* Connected to rhvm.example.com (192.168.8.21) port 443 (#1)
DEBUG:root:< GET /ovirt-engine/api/datacenters/ad3f25ac-f187-4583-94f8-eeee441bedd6 HTTP/1.1
DEBUG:root:< Host: rhvm.example.com
DEBUG:root:< User-Agent: PythonSDK/4.2.9
DEBUG:root:< Version: 4
DEBUG:root:< Content-Type: application/xml
DEBUG:root:< Accept: application/xml
DEBUG:root:< Authorization: Bearer XdRbq0dpCQhb7jD2nyxDatrKHuJKCKwq1cg3iYPiwxDCjSjXtaSOHjwzbwqLbtCWINITSfUdeCCdpwMbZZWtmw
DEBUG:root:> HTTP/1.1 200 OK
DEBUG:root:> Date: Sat, 17 Nov 2018 20:26:10 GMT
DEBUG:root:> Server: Apache/2.4.6 (Red Hat Enterprise Linux) OpenSSL/1.0.2k-fips
DEBUG:root:> Content-Type: application/xml;charset=UTF-8
DEBUG:root:> Content-Length: 1492
DEBUG:root:> Correlation-Id: af06325f-246e-4d30-b41c-1f79057e2fda
DEBUG:root:> Vary: Accept-Encoding
DEBUG:root:> 
DEBUG:root:> <?xml version="1.0" encoding="UTF-8" standalone="yes"?>
DEBUG:root:> <data_center href="/ovirt-engine/api/datacenters/ad3f25ac-f187-4583-94f8-eeee441bedd6" id="ad3f25ac-f187-4583-94f8-eeee441bedd6">
DEBUG:root:>     <name>mydatacenter</name>
DEBUG:root:>     <link href="/ovirt-engine/api/datacenters/ad3f25ac-f187-4583-94f8-eeee441bedd6/qoss" rel="qoss"/>
DEBUG:root:>     <link href="/ovirt-engine/api/datacenters/ad3f25ac-f187-4583-94f8-eeee441bedd6/quotas" rel="quotas"/>
DEBUG:root:>     <link href="/ovirt-engine/api/datacenters/ad3f25ac-f187-4583-94f8-eeee441bedd6/storagedomains" rel="storagedomains"/>
DEBUG:root:>     <link href="/ovirt-engine/api/datacenters/ad3f25ac-f187-4583-94f8-eeee441bedd6/permissions" rel="permissions"/>
DEBUG:root:>     <link href="/ovirt-engine/api/datacenters/ad3f25ac-f187-4583-94f8-eeee441bedd6/networks" rel="networks"/>
DEBUG:root:>     <link href="/ovirt-engine/api/datacenters/ad3f25ac-f187-4583-94f8-eeee441bedd6/iscsibonds" rel="iscsibonds"/>
DEBUG:root:>     <link href="/ovirt-engine/api/datacenters/ad3f25ac-f187-4583-94f8-eeee441bedd6/clusters" rel="clusters"/>
DEBUG:root:>     <local>false</local>
DEBUG:root:>     <quota_mode>disabled</quota_mode>
DEBUG:root:>     <status>up</status>
DEBUG:root:>     <storage_format>v4</storage_format>
DEBUG:root:>     <supported_versions>
DEBUG:root:>         <version>
DEBUG:root:>             <major>4</major>
DEBUG:root:>             <minor>2</minor>
DEBUG:root:>         </version>
DEBUG:root:>     </supported_versions>
DEBUG:root:>     <version>
DEBUG:root:>         <major>4</major>
DEBUG:root:>         <minor>2</minor>
DEBUG:root:>     </version>
DEBUG:root:>     <mac_pool href="/ovirt-engine/api/macpools/58ca604b-017d-0374-0220-00000000014e" id="58ca604b-017d-0374-0220-00000000014e"/>
DEBUG:root:> </data_center>
DEBUG:root:* Connection #1 to host rhvm.example.com left intact
DEBUG:root:* Found bundle for host rhvm.example.com: 0x1525140
DEBUG:root:* Re-using existing connection! (#1) with host rhvm.example.com
DEBUG:root:* Connected to rhvm.example.com (192.168.8.21) port 443 (#1)
DEBUG:root:< GET /ovirt-engine/api/datacenters HTTP/1.1
DEBUG:root:< Host: rhvm.example.com
DEBUG:root:< User-Agent: PythonSDK/4.2.9
DEBUG:root:< Version: 4
DEBUG:root:< Content-Type: application/xml
DEBUG:root:< Accept: application/xml
DEBUG:root:< Authorization: Bearer XdRbq0dpCQhb7jD2nyxDatrKHuJKCKwq1cg3iYPiwxDCjSjXtaSOHjwzbwqLbtCWINITSfUdeCCdpwMbZZWtmw
DEBUG:root:> HTTP/1.1 200 OK
DEBUG:root:> Date: Sat, 17 Nov 2018 20:26:10 GMT
DEBUG:root:> Server: Apache/2.4.6 (Red Hat Enterprise Linux) OpenSSL/1.0.2k-fips
DEBUG:root:> Content-Type: application/xml;charset=UTF-8
DEBUG:root:> Content-Length: 1623
DEBUG:root:> Correlation-Id: bb631500-d841-459d-b88f-a2511e58e986
DEBUG:root:> Vary: Accept-Encoding
DEBUG:root:> 
DEBUG:root:> <?xml version="1.0" encoding="UTF-8" standalone="yes"?>
DEBUG:root:> <data_centers>
DEBUG:root:>     <data_center href="/ovirt-engine/api/datacenters/ad3f25ac-f187-4583-94f8-eeee441bedd6" id="ad3f25ac-f187-4583-94f8-eeee441bedd6">
DEBUG:root:>         <name>mydatacenter</name>
DEBUG:root:>         <link href="/ovirt-engine/api/datacenters/ad3f25ac-f187-4583-94f8-eeee441bedd6/qoss" rel="qoss"/>
DEBUG:root:>         <link href="/ovirt-engine/api/datacenters/ad3f25ac-f187-4583-94f8-eeee441bedd6/quotas" rel="quotas"/>
DEBUG:root:>         <link href="/ovirt-engine/api/datacenters/ad3f25ac-f187-4583-94f8-eeee441bedd6/storagedomains" rel="storagedomains"/>
DEBUG:root:>         <link href="/ovirt-engine/api/datacenters/ad3f25ac-f187-4583-94f8-eeee441bedd6/permissions" rel="permissions"/>
DEBUG:root:>         <link href="/ovirt-engine/api/datacenters/ad3f25ac-f187-4583-94f8-eeee441bedd6/networks" rel="networks"/>
DEBUG:root:>         <link href="/ovirt-engine/api/datacenters/ad3f25ac-f187-4583-94f8-eeee441bedd6/iscsibonds" rel="iscsibonds"/>
DEBUG:root:>         <link href="/ovirt-engine/api/datacenters/ad3f25ac-f187-4583-94f8-eeee441bedd6/clusters" rel="clusters"/>
DEBUG:root:>         <local>false</local>
DEBUG:root:>         <quota_mode>disabled</quota_mode>
DEBUG:root:>         <status>up</status>
DEBUG:root:>         <storage_format>v4</storage_format>
DEBUG:root:>         <supported_versions>
DEBUG:root:>             <version>
DEBUG:root:>                 <major>4</major>
DEBUG:root:>                 <minor>2</minor>
DEBUG:root:>             </version>
DEBUG:root:>         </supported_versions>
DEBUG:root:>         <version>
DEBUG:root:>             <major>4</major>
DEBUG:root:>             <minor>2</minor>
DEBUG:root:>         </version>
DEBUG:root:>         <mac_pool href="/ovirt-engine/api/macpools/58ca604b-017d-0374-0220-00000000014e" id="58ca604b-017d-0374-0220-00000000014e"/>
DEBUG:root:>     </data_center>
DEBUG:root:> </data_centers>
DEBUG:root:* Connection #1 to host rhvm.example.com left intact
DEBUG:root:* Found bundle for host rhvm.example.com: 0x1525140
DEBUG:root:* Re-using existing connection! (#1) with host rhvm.example.com
DEBUG:root:* Connected to rhvm.example.com (192.168.8.21) port 443 (#1)
DEBUG:root:< GET /ovirt-engine/api/datacenters/ad3f25ac-f187-4583-94f8-eeee441bedd6/storagedomains HTTP/1.1
DEBUG:root:< Host: rhvm.example.com
DEBUG:root:< User-Agent: PythonSDK/4.2.9
DEBUG:root:< Version: 4
DEBUG:root:< Content-Type: application/xml
DEBUG:root:< Accept: application/xml
DEBUG:root:< Authorization: Bearer XdRbq0dpCQhb7jD2nyxDatrKHuJKCKwq1cg3iYPiwxDCjSjXtaSOHjwzbwqLbtCWINITSfUdeCCdpwMbZZWtmw
DEBUG:root:> HTTP/1.1 200 OK
DEBUG:root:> Date: Sat, 17 Nov 2018 20:26:10 GMT
DEBUG:root:> Server: Apache/2.4.6 (Red Hat Enterprise Linux) OpenSSL/1.0.2k-fips
DEBUG:root:> Content-Type: application/xml;charset=UTF-8
DEBUG:root:> Content-Length: 4226
DEBUG:root:> Correlation-Id: 2fc12849-4802-41d9-98e6-821158c70275
DEBUG:root:> Vary: Accept-Encoding
DEBUG:root:> 
DEBUG:root:> <?xml version="1.0" encoding="UTF-8" standalone="yes"?>
DEBUG:root:> <storage_domains>
DEBUG:root:>     <storage_domain href="/ovirt-engine/api/datacenters/ad3f25ac-f187-4583-94f8-eeee441bedd6/storagedomains/2c2e9507-75e0-4e1a-9b28-2fa26dfb5a88" id="2c2e9507-75e0-4e1a-9b28-2fa26dfb5a88">
DEBUG:root:>         <actions>
DEBUG:root:>             <link href="/ovirt-engine/api/datacenters/ad3f25ac-f187-4583-94f8-eeee441bedd6/storagedomains/2c2e9507-75e0-4e1a-9b28-2fa26dfb5a88/activate" rel="activate"/>
DEBUG:root:>             <link href="/ovirt-engine/api/datacenters/ad3f25ac-f187-4583-94f8-eeee441bedd6/storagedomains/2c2e9507-75e0-4e1a-9b28-2fa26dfb5a88/deactivate" rel="deactivate"/>
DEBUG:root:>         </actions>
DEBUG:root:>         <name>master</name>
DEBUG:root:>         <description></description>
DEBUG:root:>         <comment></comment>
DEBUG:root:>         <link href="/ovirt-engine/api/datacenters/ad3f25ac-f187-4583-94f8-eeee441bedd6/storagedomains/2c2e9507-75e0-4e1a-9b28-2fa26dfb5a88/disks" rel="disks"/>
DEBUG:root:>         <available>8589934592</available>
DEBUG:root:>         <backup>false</backup>
DEBUG:root:>         <committed>0</committed>
DEBUG:root:>         <critical_space_action_blocker>5</critical_space_action_blocker>
DEBUG:root:>         <discard_after_delete>false</discard_after_delete>
DEBUG:root:>         <external_status>ok</external_status>
DEBUG:root:>         <master>true</master>
DEBUG:root:>         <status>active</status>
DEBUG:root:>         <storage>
DEBUG:root:>             <address>192.168.8.11</address>
DEBUG:root:>             <path>/rhv-master</path>
DEBUG:root:>             <type>glusterfs</type>
DEBUG:root:>             <vfs_type>glusterfs</vfs_type>
DEBUG:root:>         </storage>
DEBUG:root:>         <storage_format>v4</storage_format>
DEBUG:root:>         <supports_discard>false</supports_discard>
DEBUG:root:>         <supports_discard_zeroes_data>false</supports_discard_zeroes_data>
DEBUG:root:>         <type>data</type>
DEBUG:root:>         <used>0</used>
DEBUG:root:>         <warning_low_space_indicator>10</warning_low_space_indicator>
DEBUG:root:>         <wipe_after_delete>false</wipe_after_delete>
DEBUG:root:>         <data_center href="/ovirt-engine/api/datacenters/ad3f25ac-f187-4583-94f8-eeee441bedd6" id="ad3f25ac-f187-4583-94f8-eeee441bedd6"/>
DEBUG:root:>         <data_centers>
DEBUG:root:>             <data_center href="/ovirt-engine/api/datacenters/ad3f25ac-f187-4583-94f8-eeee441bedd6" id="ad3f25ac-f187-4583-94f8-eeee441bedd6"/>
DEBUG:root:>         </data_centers>
DEBUG:root:>     </storage_domain>
DEBUG:root:>     <storage_domain href="/ovirt-engine/api/datacenters/ad3f25ac-f187-4583-94f8-eeee441bedd6/storagedomains/9a932667-8a7b-4928-a2bf-6f29337bceb4" id="9a932667-8a7b-4928-a2bf-6f29337bceb4">
DEBUG:root:>         <actions>
DEBUG:root:>             <link href="/ovirt-engine/api/datacenters/ad3f25ac-f187-4583-94f8-eeee441bedd6/storagedomains/9a932667-8a7b-4928-a2bf-6f29337bceb4/activate" rel="activate"/>
DEBUG:root:>             <link href="/ovirt-engine/api/datacenters/ad3f25ac-f187-4583-94f8-eeee441bedd6/storagedomains/9a932667-8a7b-4928-a2bf-6f29337bceb4/deactivate" rel="deactivate"/>
DEBUG:root:>         </actions>
DEBUG:root:>         <name>glusterSD1</name>
DEBUG:root:>         <description></description>
DEBUG:root:>         <comment></comment>
DEBUG:root:>         <link href="/ovirt-engine/api/datacenters/ad3f25ac-f187-4583-94f8-eeee441bedd6/storagedomains/9a932667-8a7b-4928-a2bf-6f29337bceb4/disks" rel="disks"/>
DEBUG:root:>         <available>13958643712</available>
DEBUG:root:>         <backup>false</backup>
DEBUG:root:>         <committed>12884901888</committed>
DEBUG:root:>         <critical_space_action_blocker>5</critical_space_action_blocker>
DEBUG:root:>         <discard_after_delete>false</discard_after_delete>
DEBUG:root:>         <external_status>ok</external_status>
DEBUG:root:>         <master>false</master>
DEBUG:root:>         <status>active</status>
DEBUG:root:>         <storage>
DEBUG:root:>             <address>192.168.8.11</address>
DEBUG:root:>             <path>/data</path>
DEBUG:root:>             <type>glusterfs</type>
DEBUG:root:>             <vfs_type>glusterfs</vfs_type>
DEBUG:root:>         </storage>
DEBUG:root:>         <storage_format>v4</storage_format>
DEBUG:root:>         <supports_discard>false</supports_discard>
DEBUG:root:>         <supports_discard_zeroes_data>false</supports_discard_zeroes_data>
DEBUG:root:>         <type>data</type>
DEBUG:root:>         <used>1073741824</used>
DEBUG:root:>         <warning_low_space_indicator>10</warning_low_space_indicator>
DEBUG:root:>         <wipe_after_delete>false</wipe_after_delete>
DEBUG:root:>         <data_center href="/ovirt-engine/api/datacenters/ad3f25ac-f187-4583-94f8-eeee441bedd6" id="ad3f25ac-f187-4583-94f8-eeee441bedd6"/>
DEBUG:root:>         <data_centers>
DEBUG:root:>             <data_center href="/ovirt-engine/api/datacenters/ad3f25ac-f187-4583-94f8-eeee441bedd6" id="ad3f25ac-f187-4583-94f8-eeee441bedd6"/>
DEBUG:root:>         </data_centers>
DEBUG:root:>     </storage_domain>
DEBUG:root:> </storage_domains>
DEBUG:root:* Connection #1 to host rhvm.example.com left intact
DEBUG:root:* Found bundle for host rhvm.example.com: 0x1525140
DEBUG:root:* Re-using existing connection! (#1) with host rhvm.example.com
DEBUG:root:* Connected to rhvm.example.com (192.168.8.21) port 443 (#1)
DEBUG:root:< GET /ovirt-engine/api/datacenters/ad3f25ac-f187-4583-94f8-eeee441bedd6/clusters HTTP/1.1
DEBUG:root:< Host: rhvm.example.com
DEBUG:root:< User-Agent: PythonSDK/4.2.9
DEBUG:root:< Version: 4
DEBUG:root:< Content-Type: application/xml
DEBUG:root:< Accept: application/xml
DEBUG:root:< Authorization: Bearer XdRbq0dpCQhb7jD2nyxDatrKHuJKCKwq1cg3iYPiwxDCjSjXtaSOHjwzbwqLbtCWINITSfUdeCCdpwMbZZWtmw
DEBUG:root:> HTTP/1.1 200 OK
DEBUG:root:> Date: Sat, 17 Nov 2018 20:26:10 GMT
DEBUG:root:> Server: Apache/2.4.6 (Red Hat Enterprise Linux) OpenSSL/1.0.2k-fips
DEBUG:root:> Content-Type: application/xml;charset=UTF-8
DEBUG:root:> Content-Length: 4718
DEBUG:root:> Correlation-Id: 14934d0b-644a-4b9b-ab09-f16e4a170806
DEBUG:root:> Vary: Accept-Encoding
DEBUG:root:> 
DEBUG:root:> <?xml version="1.0" encoding="UTF-8" standalone="yes"?>
DEBUG:root:> <clusters>
DEBUG:root:>     <cluster href="/ovirt-engine/api/clusters/e8db414f-1522-426e-9f56-7effa4723146" id="e8db414f-1522-426e-9f56-7effa4723146">
DEBUG:root:>         <actions>
DEBUG:root:>             <link href="/ovirt-engine/api/clusters/e8db414f-1522-426e-9f56-7effa4723146/resetemulatedmachine" rel="resetemulatedmachine"/>
DEBUG:root:>             <link href="/ovirt-engine/api/clusters/e8db414f-1522-426e-9f56-7effa4723146/syncallnetworks" rel="syncallnetworks"/>
DEBUG:root:>         </actions>
DEBUG:root:>         <name>production</name>
DEBUG:root:>         <description>Development cluster</description>
DEBUG:root:>         <comment></comment>
DEBUG:root:>         <link href="/ovirt-engine/api/clusters/e8db414f-1522-426e-9f56-7effa4723146/affinitygroups" rel="affinitygroups"/>
DEBUG:root:>         <link href="/ovirt-engine/api/clusters/e8db414f-1522-426e-9f56-7effa4723146/glusterhooks" rel="glusterhooks"/>
DEBUG:root:>         <link href="/ovirt-engine/api/clusters/e8db414f-1522-426e-9f56-7effa4723146/glustervolumes" rel="glustervolumes"/>
DEBUG:root:>         <link href="/ovirt-engine/api/clusters/e8db414f-1522-426e-9f56-7effa4723146/enabledfeatures" rel="enabledfeatures"/>
DEBUG:root:>         <link href="/ovirt-engine/api/clusters/e8db414f-1522-426e-9f56-7effa4723146/externalnetworkproviders" rel="externalnetworkproviders"/>
DEBUG:root:>         <link href="/ovirt-engine/api/clusters/e8db414f-1522-426e-9f56-7effa4723146/permissions" rel="permissions"/>
DEBUG:root:>         <link href="/ovirt-engine/api/clusters/e8db414f-1522-426e-9f56-7effa4723146/networkfilters" rel="networkfilters"/>
DEBUG:root:>         <link href="/ovirt-engine/api/clusters/e8db414f-1522-426e-9f56-7effa4723146/networks" rel="networks"/>
DEBUG:root:>         <link href="/ovirt-engine/api/clusters/e8db414f-1522-426e-9f56-7effa4723146/cpuprofiles" rel="cpuprofiles"/>
DEBUG:root:>         <ballooning_enabled>true</ballooning_enabled>
DEBUG:root:>         <cpu>
DEBUG:root:>             <architecture>x86_64</architecture>
DEBUG:root:>             <type>Intel Conroe Family</type>
DEBUG:root:>         </cpu>
DEBUG:root:>         <custom_scheduling_policy_properties>
DEBUG:root:>             <property>
DEBUG:root:>                 <name>HighUtilization</name>
DEBUG:root:>                 <value>80</value>
DEBUG:root:>             </property>
DEBUG:root:>             <property>
DEBUG:root:>                 <name>CpuOverCommitDurationMinutes</name>
DEBUG:root:>                 <value>2</value>
DEBUG:root:>             </property>
DEBUG:root:>         </custom_scheduling_policy_properties>
DEBUG:root:>         <error_handling>
DEBUG:root:>             <on_error>migrate</on_error>
DEBUG:root:>         </error_handling>
DEBUG:root:>         <fencing_policy>
DEBUG:root:>             <enabled>true</enabled>
DEBUG:root:>             <skip_if_connectivity_broken>
DEBUG:root:>                 <enabled>false</enabled>
DEBUG:root:>                 <threshold>50</threshold>
DEBUG:root:>             </skip_if_connectivity_broken>
DEBUG:root:>             <skip_if_gluster_bricks_up>false</skip_if_gluster_bricks_up>
DEBUG:root:>             <skip_if_gluster_quorum_not_met>false</skip_if_gluster_quorum_not_met>
DEBUG:root:>             <skip_if_sd_active>
DEBUG:root:>                 <enabled>false</enabled>
DEBUG:root:>             </skip_if_sd_active>
DEBUG:root:>         </fencing_policy>
DEBUG:root:>         <firewall_type>firewalld</firewall_type>
DEBUG:root:>         <gluster_service>false</gluster_service>
DEBUG:root:>         <ha_reservation>false</ha_reservation>
DEBUG:root:>         <ksm>
DEBUG:root:>             <enabled>true</enabled>
DEBUG:root:>             <merge_across_nodes>true</merge_across_nodes>
DEBUG:root:>         </ksm>
DEBUG:root:>         <maintenance_reason_required>false</maintenance_reason_required>
DEBUG:root:>         <memory_policy>
DEBUG:root:>             <over_commit>
DEBUG:root:>                 <percent>150</percent>
DEBUG:root:>             </over_commit>
DEBUG:root:>             <transparent_hugepages>
DEBUG:root:>                 <enabled>true</enabled>
DEBUG:root:>             </transparent_hugepages>
DEBUG:root:>         </memory_policy>
DEBUG:root:>         <migration>
DEBUG:root:>             <auto_converge>inherit</auto_converge>
DEBUG:root:>             <bandwidth>
DEBUG:root:>                 <assignment_method>auto</assignment_method>
DEBUG:root:>             </bandwidth>
DEBUG:root:>             <compressed>inherit</compressed>
DEBUG:root:>             <policy id="a7aeedb2-8d66-4e51-bb22-32595027ce71"/>
DEBUG:root:>         </migration>
DEBUG:root:>         <optional_reason>false</optional_reason>
DEBUG:root:>         <required_rng_sources>
DEBUG:root:>             <required_rng_source>urandom</required_rng_source>
DEBUG:root:>         </required_rng_sources>
DEBUG:root:>         <switch_type>legacy</switch_type>
DEBUG:root:>         <threads_as_cores>false</threads_as_cores>
DEBUG:root:>         <trusted_service>false</trusted_service>
DEBUG:root:>         <tunnel_migration>false</tunnel_migration>
DEBUG:root:>         <version>
DEBUG:root:>             <major>4</major>
DEBUG:root:>             <minor>2</minor>
DEBUG:root:>         </version>
DEBUG:root:>         <virt_service>true</virt_service>
DEBUG:root:>         <data_center href="/ovirt-engine/api/datacenters/ad3f25ac-f187-4583-94f8-eeee441bedd6" id="ad3f25ac-f187-4583-94f8-eeee441bedd6"/>
DEBUG:root:>         <mac_pool href="/ovirt-engine/api/macpools/58ca604b-017d-0374-0220-00000000014e" id="58ca604b-017d-0374-0220-00000000014e"/>
DEBUG:root:>         <scheduling_policy href="/ovirt-engine/api/schedulingpolicies/b4ed2332-a7ac-4d5f-9596-99a439cb2812" id="b4ed2332-a7ac-4d5f-9596-99a439cb2812"/>
DEBUG:root:>     </cluster>
DEBUG:root:> </clusters>
DEBUG:root:* Connection #1 to host rhvm.example.com left intact
DEBUG:root:* Found bundle for host rhvm.example.com: 0x1525140
DEBUG:root:* Re-using existing connection! (#1) with host rhvm.example.com
DEBUG:root:* Connected to rhvm.example.com (192.168.8.21) port 443 (#1)
DEBUG:root:< GET /ovirt-engine/api/datacenters/ad3f25ac-f187-4583-94f8-eeee441bedd6/clusters/e8db414f-1522-426e-9f56-7effa4723146/affinitygroups HTTP/1.1
DEBUG:root:< Host: rhvm.example.com
DEBUG:root:< User-Agent: PythonSDK/4.2.9
DEBUG:root:< Version: 4
DEBUG:root:< Content-Type: application/xml
DEBUG:root:< Accept: application/xml
DEBUG:root:< Authorization: Bearer XdRbq0dpCQhb7jD2nyxDatrKHuJKCKwq1cg3iYPiwxDCjSjXtaSOHjwzbwqLbtCWINITSfUdeCCdpwMbZZWtmw
DEBUG:root:> HTTP/1.1 200 OK
DEBUG:root:> Date: Sat, 17 Nov 2018 20:26:10 GMT
DEBUG:root:> Server: Apache/2.4.6 (Red Hat Enterprise Linux) OpenSSL/1.0.2k-fips
DEBUG:root:> Content-Type: application/xml;charset=UTF-8
DEBUG:root:> Content-Length: 75
DEBUG:root:> Correlation-Id: 4415018d-87f8-4325-b8e8-dbded2569433
DEBUG:root:> Vary: Accept-Encoding
DEBUG:root:> 
DEBUG:root:> <?xml version="1.0" encoding="UTF-8" standalone="yes"?>
DEBUG:root:> <affinity_groups/>
DEBUG:root:* Connection #1 to host rhvm.example.com left intact
DEBUG:root:* About to connect() to rhvm.example.com port 443 (#2)
DEBUG:root:* Trying 192.168.8.21...
DEBUG:root:* Connected to rhvm.example.com (192.168.8.21) port 443 (#2)
DEBUG:root:* CAfile: prod-ca.pem
DEBUG:root:*   CApath: none
DEBUG:root:* SSL connection using TLS_ECDHE_RSA_WITH_AES_256_GCM_SHA384
DEBUG:root:* Server certificate:
DEBUG:root:* subject: CN=rhvm.example.com,O=rhvm.example.com,C=US
DEBUG:root:* start date: Nov 12 00:07:37 2018 GMT
DEBUG:root:* expire date: Oct 18 00:07:37 2023 GMT
DEBUG:root:* common name: rhvm.example.com
DEBUG:root:* issuer: CN=rhvm.example.com.76929,O=rhvm.example.com,C=US
DEBUG:root:< POST /ovirt-engine/services/sso-logout HTTP/1.1
DEBUG:root:< Host: rhvm.example.com
DEBUG:root:< User-Agent: PythonSDK/4.2.9
DEBUG:root:< Accept: application/json
DEBUG:root:< Content-Length: 112
DEBUG:root:< Content-Type: application/x-www-form-urlencoded
DEBUG:root:< scope=ovirt-app-api&token=XdRbq0dpCQhb7jD2nyxDatrKHuJKCKwq1cg3iYPiwxDCjSjXtaSOHjwzbwqLbtCWINITSfUdeCCdpwMbZZWtmw
DEBUG:root:* upload completely sent off: 112 out of 112 bytes
DEBUG:root:> HTTP/1.1 200 OK
DEBUG:root:> Date: Sat, 17 Nov 2018 20:26:10 GMT
DEBUG:root:> Server: Apache/2.4.6 (Red Hat Enterprise Linux) OpenSSL/1.0.2k-fips
DEBUG:root:> Set-Cookie: locale=en_US; path=/; secure; HttpOnly; Max-Age=2147483647; Expires=Thu, 05-Dec-2086 23:40:17 GMT
DEBUG:root:> Content-Type: application/json
DEBUG:root:> Content-Length: 3
DEBUG:root:> Vary: Accept-Encoding
DEBUG:root:> 
DEBUG:root:> { }
DEBUG:root:* Connection #2 to host rhvm.example.com left intact
